sab nov 27 23:56:33 CET 2004
   ./configure  --enable-xvid --enable-shared --enable-pthreads --enable-gpl --enable-dc1394 
dom nov 28 15:38:47 CET 2004
   ./configure  --enable-xvid --enable-shared --enable-pthreads --enable-gpl 
dom nov 28 15:39:15 CET 2004
   ./configure  --enable-xvid --enable-shared --enable-pthreads --enable-gpl 
ven dic  3 18:11:07 CET 2004
   ./configure  --enable-xvid --enable-shared --enable-pthreads --enable-gpl --enable-debug --disable-strip 
gio dic 16 12:30:48 CET 2004
   ./configure  --enable-xvid --enable-shared --enable-pthreads --enable-gpl --enable-debug --disable-strip 
gio dic 16 12:31:31 CET 2004
   ./configure  --enable-mp3lame --enable-vorbis --enable-xvid --enable-shared --enable-pthreads --enable-gpl --enable-debug --disable-strip 
gio dic 16 12:35:54 CET 2004
   ./configure  --enable-faad --enable-a52 --enable-dts --enable-pp --enable-shared-pp --enable-mp3lame --enable-vorbis --enable-xvid --enable-shared --enable-pthreads --enable-gpl --enable-debug --disable-strip 
gio dic 16 12:56:31 CET 2004
   ./configure  --enable-faad --enable-a52 --enable-pp --enable-shared-pp --enable-mp3lame --enable-vorbis --enable-xvid --enable-shared --enable-pthreads --enable-gpl --enable-debug --disable-strip 
mar gen  4 14:56:44 CET 2005
   ./configure  --enable-xvid --enable-shared --enable-pthreads --enable-gpl --enable-debug --disable-strip 
lun gen 10 19:29:30 CET 2005
   ./configure  --enable-xvid --enable-shared --enable-pthreads --enable-gpl --enable-debug --disable-strip 
mar gen 11 21:15:13 CET 2005
   ./configure  --enable-xvid --enable-shared --enable-pthreads --enable-gpl --e 
mar gen 11 21:15:58 CET 2005
   ./configure  --enable-xvid --enable-shared --enable-gpl --enable-debug --disable-strip 
gio gen 13 13:39:06 CET 2005
   ./configure  --enable-xvid --enable-shared --enable-gpl --enable-debug --disable-strip --enable-mp3lame --enable-vorbis --enable-faad --enable-faac 
gio gen 13 13:40:51 CET 2005
   ./configure  --enable-xvid --enable-shared --enable-gpl --enable-debug --disable-strip --enable-mp3lame --enable-vorbis --enable-faad --enable-faac 
gio feb 17 17:04:11 CET 2005
   ./configure  --enable-xvid --enable-shared --enable-gpl --enable-debug --disable-strip --enable-mp3lame --enable-vorbis --enable-faad --enable-faac 
mer mar  9 15:01:56 CET 2005
   ./configure  --enable-xvid --enable-shared --enable-gpl --enable-debug --disable-strip --enable-mp3lame --enable-vorbis --enable-faad --enable-faac --enable-ogg 
mer mar  9 15:02:31 CET 2005
   ./configure  --enable-xvid --enable-shared --enable-gpl --enable-debug --disable-strip --enable-mp3lame --enable-vorbis --enable-faad --enable-faac --enable-ogg --enable-theora 
mer mar  9 15:02:54 CET 2005
   ./configure  --enable-xvid --enable-shared --enable-gpl --enable-debug --disable-strip --enable-mp3lame --enable-vorbis --enable-faad --enable-faac --enable-ogg --enable-theora 
mer mar  9 15:03:19 CET 2005
   ./configure  --enable-xvid --enable-shared --enable-gpl --enable-debug --disable-strip --enable-mp3lame --enable-vorbis --enable-faad --enable-faac --enable-ogg --enable-theora --enable-faadbin 
mer mar  9 15:03:40 CET 2005
   ./configure  --enable-xvid --enable-shared --enable-gpl --enable-debug --disable-strip --enable-mp3lame --enable-vorbis --enable-faad --enable-faac --enable-ogg --enable-theora --enable-faadbin --enable-a52 --enable-a52bin 
mer mar  9 15:03:56 CET 2005
   ./configure  --enable-xvid --enable-shared --enable-gpl --enable-debug --disable-strip --enable-mp3lame --enable-vorbis --enable-faad --enable-faac --enable-ogg --enable-theora --enable-faadbin --enable-a52 --enable-a52bin --enable-shared-pp 
mer mar  9 15:04:33 CET 2005
   ./configure  --enable-xvid --enable-shared --enable-gpl --enable-debug --disable-strip --enable-mp3lame --enable-vorbis --enable-faad --enable-faac --enable-ogg --enable-theora --enable-faadbin --enable-a52 --enable-a52bin --enable-shared-pp 
mer mar  9 15:05:45 CET 2005
   ./configure  --enable-xvid --enable-shared --enable-gpl --enable-debug --disable-strip --enable-mp3lame --enable-vorbis --enable-faad --enable-faac --enable-ogg --enable-theora --enable-faadbin --enable-a52 --enable-a52bin --enable-shared-pp --enable-pp 
mer mar  9 15:06:31 CET 2005
   ./configure  --enable-xvid --enable-shared --enable-gpl --enable-debug --disable-strip --enable-mp3lame --enable-vorbis --enable-faad --enable-faac --enable-ogg --enable-theora --enable-faadbin --enable-a52 --enable-a52bin --enable-shared-pp --enable-pp 
mer mar  9 15:06:41 CET 2005
   ./configure  --enable-xvid --enable-shared --enable-gpl --enable-debug --disable-strip --enable-mp3lame --enable-vorbis --enable-faad --enable-faac --enable-ogg --enable-theora --enable-faadbin --enable-a52 --enable-a52bin --enable-shared-pp --enable-pp --enable-pthread 
mer mar  9 15:06:47 CET 2005
   ./configure  --enable-xvid --enable-shared --enable-gpl --enable-debug --disable-strip --enable-mp3lame --enable-vorbis --enable-faad --enable-faac --enable-ogg --enable-theora --enable-faadbin --enable-a52 --enable-a52bin --enable-shared-pp --enable-pp --enable-pthreads 
mer mar  9 15:07:02 CET 2005
   ./configure  --enable-xvid --enable-shared --enable-gpl --enable-debug --disable-strip --enable-mp3lame --enable-vorbis --enable-faad --enable-faac --enable-ogg --enable-theora --enable-faadbin --enable-a52 --enable-a52bin --enable-shared-pp --enable-pp --enable-pthreads 
mer mar  9 15:34:29 CET 2005
   ./configure  --enable-xvid --enable-shared --enable-gpl --enable-debug --disable-strip --enable-mp3lame --enable-vorbis --enable-faad --enable-faac --enable-ogg --enable-faadbin --enable-a52 --enable-a52bin --enable-shared-pp --enable-pp --enable-pthreads 
mer mar  9 15:36:52 CET 2005
   ./configure  --enable-xvid --enable-shared --enable-gpl --enable-debug --disable-strip --enable-mp3lame --enable-vorbis --enable-faad --enable-faac --enable-ogg --enable-faadbin --enable-a52 --enable-a52bin --enable-shared-pp --enable-pp --enable-pthreads 
mer mar  9 15:36:58 CET 2005
   ./configure  --enable-xvid --enable-shared --enable-gpl --enable-debug --disable-strip --enable-mp3lame --enable-vorbis --enable-faad --enable-faac --enable-ogg --enable-faadbin --enable-a52 --enable-a52bin --enable-shared-pp --enable-pp --enable-pthreads 
lun mar 14 16:50:11 CET 2005
   ./configure  --enable-xvid --enable-shared --enable-gpl --enable-debug --disable-strip --enable-mp3lame --enable-vorbis --enable-ogg --enable-a52 --enable-a52bin --enable-shared-pp --enable-pp --enable-pthreads 
lun mar 14 16:52:01 CET 2005
   ./configure  --enable-xvid --enable-shared --enable-gpl --enable-debug --disable-strip --enable-mp3lame --enable-vorbis --enable-ogg --enable-pthreads 
lun mar 14 16:57:50 CET 2005
   ./configure  --enable-xvid --enable-shared --enable-gpl --enable-debug --disable-strip --enable-mp3lame --enable-vorbis --enable-ogg --enable-pthreads 
gio mar 17 13:41:35 CET 2005
   ./configure  --enable-xvid --enable-shared --enable-gpl --enable-debug --disable-strip --enable-mp3lame --enable-vorbis --enable-ogg --enable-pthreads 
ven mar 18 11:18:57 CET 2005
   ./configure  --enable-xvid --enable-shared --enable-gpl --enable-debug --disable-strip --enable-mp3lame --enable-vorbis --enable-ogg --enable-pthreads --enable-shared-pp --enable-pp 
ven mar 18 11:19:56 CET 2005
   ./configure  --enable-xvid --enable-shared --enable-gpl --enable-debug --disable-strip --enable-mp3lame --enable-vorbis --enable-ogg --enable-pthreads --enable-shared-pp --enable-pp 
mar mar 22 18:04:29 CET 2005
   ./configure  --enable-xvid --enable-shared --enable-gpl --enable-debug --disable-strip --enable-mp3lame --enable-vorbis --enable-ogg --enable-pthreads --enable-shared-pp --enable-pp 
mar mar 22 18:04:48 CET 2005
   ./configure  --enable-xvid --enable-shared --enable-gpl --enable-mp3lame --enable-vorbis --enable-ogg --enable-pthreads --enable-shared-pp --enable-pp --help 
mar mar 22 18:04:51 CET 2005
   ./configure  --enable-xvid --enable-shared --enable-gpl --enable-mp3lame --enable-vorbis --enable-ogg --enable-pthreads --enable-shared-pp --enable-pp 
mar mar 22 18:05:13 CET 2005
   ./configure  --enable-xvid --enable-shared --enable-gpl --enable-mp3lame --enable-vorbis --enable-ogg --enable-pthreads --enable-shared-pp --enable-pp --cpu=pentium4 
mar mar 22 18:05:56 CET 2005
   ./configure  --enable-xvid --enable-shared --enable-gpl --enable-mp3lame --enable-vorbis --enable-ogg --enable-pthreads --enable-shared-pp --enable-pp --tune=pentium4 
mar mar 22 18:06:11 CET 2005
   ./configure  --enable-xvid --enable-shared --enable-gpl --enable-mp3lame --enable-vorbis --enable-ogg --enable-pthreads --enable-shared-pp --enable-pp --cpu=pentium4 --tune=pentium4 
mar mar 22 18:06:16 CET 2005
   ./configure  --enable-xvid --enable-shared --enable-gpl --enable-mp3lame --enable-vorbis --enable-ogg --enable-pthreads --enable-shared-pp --enable-pp --cpu=pentium4 --tune=pentium4 
ven mar 25 08:47:57 CET 2005
   ./configure  --enable-xvid --enable-shared --enable-gpl --enable-mp3lame --enable-vorbis --enable-ogg --enable-pthreads --enable-shared-pp --enable-pp --cpu=pentium4 --tune=pentium4 
ven mar 25 08:49:02 CET 2005
   ./configure  --enable-xvid --enable-shared --enable-gpl --enable-mp3lame --enable-vorbis --enable-ogg --enable-pthreads --enable-shared-pp --enable-pp --cpu=pentium4 --tune=pentium4 --enable-a52 --enable-a52bin --enable-x264 
ven mar 25 08:49:21 CET 2005
   ./configure  --enable-xvid --enable-shared --enable-gpl --enable-mp3lame --enable-vorbis --enable-ogg --enable-pthreads --enable-shared-pp --enable-pp --cpu=pentium4 --tune=pentium4 --enable-a52 --enable-a52bin --enable-x264 
ven mar 25 17:55:30 CET 2005
   ./configure  --enable-xvid --enable-shared --enable-gpl --enable-mp3lame --enable-vorbis --enable-ogg --enable-pthreads --enable-shared-pp --enable-pp --cpu=pentium4 --tune=pentium4 
mer mar 30 10:53:06 CEST 2005
   ./configure  --enable-xvid --enable-shared --enable-gpl --enable-mp3lame --enable-vorbis --enable-ogg --enable-pthreads --enable-shared-pp --enable-pp --cpu=pentium4 --tune=pentium4 --enable-memalign-hack 
mer apr  6 10:28:03 CEST 2005
   ./configure  --enable-xvid --enable-shared --enable-gpl --enable-mp3lame --enable-vorbis --enable-ogg --enable-pthreads --enable-shared-pp --enable-pp --cpu=pentium4 --enable-debug --disable-opts 
mer apr  6 10:28:13 CEST 2005
   ./configure  --enable-xvid --enable-shared --enable-gpl --enable-mp3lame --enable-vorbis --enable-ogg --enable-pthreads --enable-shared-pp --enable-pp --cpu=pentium4 --enable-debug --disable-opts 
mar apr 12 08:21:13 CEST 2005
   ./configure  --prefix=/usr 
lun apr 18 19:52:39 CEST 2005
   ./configure  --enable-xvid --enable-shared --enable-gpl --enable-mp3lame --enable-vorbis --enable-ogg --enable-pthreads --enable-shared-pp --enable-pp --cpu=pentium4 --tune=pentium4 --enable-memalign-hack 
lun apr 18 19:52:49 CEST 2005
   ./configure  --enable-xvid --enable-shared --enable-gpl --enable-mp3lame --enable-vorbis --enable-ogg --enable-pthreads --enable-shared-pp --enable-pp --cpu=pentium4 --tune=pentium4 --enable-memalign-hack --help 
lun apr 18 19:53:02 CEST 2005
   ./configure  --enable-xvid --enable-shared --enable-gpl --enable-mp3lame --enable-vorbis --enable-ogg --enable-pthreads --enable-shared-pp --enable-pp --cpu=pentium4 --tune=pentium4 --enable-memalign-hack --enable-dts 
lun apr 18 19:53:29 CEST 2005
   ./configure  --enable-xvid --enable-shared --enable-gpl --enable-mp3lame --enable-vorbis --enable-ogg --enable-pthreads --enable-shared-pp --enable-pp --cpu=pentium4 --tune=pentium4 --enable-memalign-hack --enable-dts 
lun apr 18 19:53:49 CEST 2005
   ./configure  --enable-xvid --enable-shared --enable-gpl --enable-mp3lame --enable-vorbis --enable-ogg --enable-pthreads --enable-shared-pp --enable-pp --cpu=pentium4 --tune=pentium4 --enable-memalign-hack --enable-dts --enable-vorbis --enable-theora 
lun apr 18 19:53:56 CEST 2005
   ./configure  --enable-xvid --enable-shared --enable-gpl --enable-mp3lame --enable-vorbis --enable-ogg --enable-pthreads --enable-shared-pp --enable-pp --cpu=pentium4 --tune=pentium4 --enable-memalign-hack --enable-dts --enable-vorbis --enable-theora 
lun apr 25 13:37:50 CEST 2005
   ./configure  --enable-xvid --enable-shared --enable-gpl --enable-mp3lame --enable-vorbis --enable-ogg --enable-pthreads --enable-shared-pp --enable-pp --cpu=pentium4 --tune=pentium4 --enable-memalign-hack --enable-dts --enable-vorbis --enable-theora 
lun apr 25 13:38:10 CEST 2005
   ./configure  --enable-theora --enable-vorbis --enable-xvid --enable-shared --enable-gpl --enable-mp3lame --enable-vorbis --enable-ogg --enable-pthreads --enable-shared-pp --enable-pp --cpu=pentium4 --tune=pentium4 --enable-memalign-hack --enable-dts 
lun apr 25 13:38:12 CEST 2005
   ./configure  --enable-theora --enable-vorbis --enable-xvid --enable-shared --enable-gpl --enable-mp3lame --enable-vorbis --enable-ogg --enable-pthreads --enable-shared-pp --enable-pp --cpu=pentium4 --tune=pentium4 --enable-memalign-hack --enable-dts 
sab mag  7 12:42:24 CEST 2005
   ./configure  --enable-theora --enable-vorbis --enable-xvid --enable-shared --enable-gpl --enable-mp3lame --enable-vorbis --enable-ogg --enable-pthreads --enable-shared-pp --enable-pp --cpu=pentium4 --tune=pentium4 --enable-memalign-hack --enable-dts 
sab mag  7 12:43:16 CEST 2005
   ./configure  --enable-theora --enable-vorbis --enable-xvid --enable-shared --enable-gpl --enable-mp3lame --enable-vorbis --enable-ogg --enable-pthreads --enable-shared-pp --enable-pp --cpu=pentium4 --tune=pentium4 --enable-memalign-hack --enable-dts --help 
sab mag  7 12:43:34 CEST 2005
   ./configure  --enable-theora --enable-vorbis --enable-xvid --enable-shared --enable-gpl --enable-mp3lame --enable-vorbis --enable-libogg --enable-pthreads --enable-shared-pp --enable-pp --cpu=pentium4 --tune=pentium4 --enable-memalign-hack --enable-dts 
sab mag  7 12:43:56 CEST 2005
   ./configure  --enable-theora --enable-vorbis --enable-xvid --enable-shared --enable-gpl --enable-mp3lame --enable-vorbis --enable-libogg --enable-pthreads --enable-shared-pp --enable-pp --cpu=pentium4 --tune=pentium4 --enable-memalign-hack --enable-dts --enable-a52 --enable-a52bin 
sab mag  7 12:44:11 CEST 2005
   ./configure  --enable-theora --enable-vorbis --enable-xvid --enable-shared --enable-gpl --enable-mp3lame --enable-vorbis --enable-libogg --enable-pthreads --enable-shared-pp --enable-pp --cpu=pentium4 --tune=pentium4 --enable-memalign-hack --enable-dts --enable-a52 --enable-a52bin --enable-faad --enable-faadbin 
sab mag  7 12:44:34 CEST 2005
   ./configure  --enable-theora --enable-vorbis --enable-xvid --enable-shared --enable-gpl --enable-mp3lame --enable-vorbis --enable-libogg --enable-pthreads --enable-shared-pp --enable-pp --cpu=pentium4 --tune=pentium4 --enable-memalign-hack --enable-dts --enable-a52 --enable-a52bin --enable-faad --enable-faadbin --enable-faac 
sab mag  7 12:44:45 CEST 2005
   ./configure  --enable-theora --enable-vorbis --enable-xvid --enable-shared --enable-gpl --enable-mp3lame --enable-vorbis --enable-libogg --enable-pthreads --enable-shared-pp --enable-pp --cpu=pentium4 --tune=pentium4 --enable-memalign-hack --enable-dts --enable-a52 --enable-a52bin --enable-faad --enable-faadbin --enable-faac 
sab mag  7 12:45:23 CEST 2005
   ./configure  --enable-theora --enable-vorbis --enable-xvid --enable-shared --enable-gpl --enable-mp3lame --enable-vorbis --enable-libogg --enable-pthreads --enable-shared-pp --enable-pp --cpu=pentium4 --tune=pentium4 --enable-memalign-hack --enable-dts --enable-a52 --enable-a52bin --enable-faad --enable-faadbin --enable-faac 
sab mag  7 13:44:24 CEST 2005
   ./configure  --enable-vorbis --enable-xvid --enable-shared --enable-gpl --enable-mp3lame --enable-vorbis --enable-libogg --enable-pthreads --enable-shared-pp --enable-pp --cpu=pentium4 --tune=pentium4 --enable-memalign-hack --enable-dts --enable-a52 --enable-a52bin --enable-faad --enable-faadbin --enable-faac 
sab mag  7 13:45:30 CEST 2005
   ./configure  --enable-vorbis --enable-xvid --enable-shared --enable-gpl --enable-mp3lame --enable-vorbis --enable-libogg --enable-pthreads --enable-shared-pp --enable-pp --cpu=pentium4 --tune=pentium4 --enable-memalign-hack --enable-dts --enable-a52 --enable-a52bin --enable-faad --enable-faadbin --enable-faac--enable-memalign-hack 
sab mag  7 13:46:45 CEST 2005
   ./configure  --enable-vorbis --enable-xvid --enable-shared --enable-gpl --enable-mp3lame --enable-vorbis --enable-libogg --enable-pthreads --enable-shared-pp --enable-pp --cpu=pentium4 --tune=pentium4 --enable-memalign-hack --enable-dts --enable-a52 --enable-a52bin --enable-faad --enable-faadbin --enable-faac--enable-memalign-hack 
dom mag  8 14:19:38 CEST 2005
   ./configure  --enable-vorbis --enable-xvid --enable-shared --enable-gpl --enable-mp3lame --enable-vorbis --enable-libogg --enable-pthreads --enable-shared-pp --enable-pp --cpu=pentium4 --tune=pentium4 --enable-memalign-hack --enable-dts --enable-faad --enable-faadbin --enable-faac--enable-memalign-hack 
dom mag  8 20:32:55 CEST 2005
   ./configure  --enable-vorbis --enable-xvid --enable-shared --enable-gpl --enable-mp3lame --enable-vorbis --enable-libogg --enable-pthreads --enable-shared-pp --enable-pp --cpu=pentium4 --tune=pentium4 --enable-memalign-hack --enable-dts --enable-faad --enable-faadbin --enable-faac--enable-memalign-hack 
dom mag  8 20:33:07 CEST 2005
   ./configure  --enable-vorbis --enable-xvid --enable-shared --enable-gpl --enable-mp3lame --enable-vorbis --enable-libogg --enable-pthreads --enable-shared-pp --enable-pp --cpu=pentium4 --tune=pentium4 --enable-memalign-hack --enable-dts --enable-faad --enable-faadbin --enable-faac--enable-memalign-hack 
mer mag 11 18:58:37 CEST 2005
   ./configure  --enable-vorbis --enable-xvid --enable-shared --enable-gpl --enable-mp3lame --enable-vorbis --enable-libogg --enable-pthreads --enable-shared-pp --enable-pp --cpu=pentium4 --tune=pentium4 --enable-memalign-hack --enable-dts --enable-faad --enable-faadbin --enable-faac --enable-theora 
mer mag 11 21:30:17 CEST 2005
   ./configure  --enable-vorbis --enable-xvid --enable-shared --enable-gpl --enable-mp3lame --enable-vorbis --enable-libogg --enable-pthreads --enable-shared-pp --enable-pp --cpu=pentium4 --tune=pentium4 --enable-memalign-hack --enable-dts --enable-faad --enable-faadbin --enable-faac --enable-theora 
gio mag 19 11:36:25 CEST 2005
   ./configure  --enable-vorbis --enable-xvid --enable-shared --enable-gpl --enable-mp3lame --enable-vorbis --enable-libogg --enable-pthreads --enable-shared-pp --enable-pp --cpu=pentium4 --tune=pentium4 --enable-memalign-hack --enable-dts --enable-faad --enable-faadbin --enable-faac --enable-theora 
ven mag 20 20:40:04 CEST 2005
   ./configure  --enable-vorbis --enable-xvid --enable-shared --enable-gpl --enable-mp3lame --enable-vorbis --enable-libogg --enable-pthreads --enable-shared-pp --enable-pp --cpu=pentium4 --tune=pentium4 --enable-memalign-hack --enable-dts --enable-faad --enable-faadbin --enable-faac --enable-theora 
ven mag 20 20:40:17 CEST 2005
   ./configure  --enable-vorbis --enable-xvid --enable-shared --enable-gpl --enable-mp3lame --enable-vorbis --enable-libogg --enable-pthreads --enable-shared-pp --enable-pp --cpu=pentium4 --tune=pentium4 --enable-memalign-hack --enable-dts --enable-faad --enable-faadbin --enable-faac --enable-theora --enable-a52 --enable-a52bin 
ven mag 20 20:43:32 CEST 2005
   ./configure  --enable-vorbis --enable-xvid --enable-shared --enable-gpl --enable-mp3lame --enable-vorbis --enable-libogg --enable-pthreads --enable-shared-pp --enable-pp --cpu=pentium4 --tune=pentium4 --enable-memalign-hack --enable-dts --enable-faad --enable-faadbin --enable-faac --enable-theora 
lun mag 23 14:28:47 CEST 2005
   ./configure  --enable-vorbis --enable-xvid --enable-shared --enable-gpl --enable-mp3lame --enable-vorbis --enable-libogg --enable-pthreads --enable-shared-pp --enable-pp --cpu=pentium4 --tune=pentium4 --enable-memalign-hack --enable-dts --enable-faad --enable-faadbin --enable-faac --enable-theora 
mar mag 24 10:10:30 CEST 2005
   ./configure  --enable-vorbis --enable-xvid --enable-shared --enable-gpl --enable-mp3lame --enable-vorbis --enable-libogg --enable-pthreads --enable-shared-pp --enable-pp --cpu=pentium4 --tune=pentium4 --enable-memalign-hack --enable-dts --enable-faad --enable-faadbin --enable-faac --enable-theora 
gio mag 26 10:45:32 CEST 2005
   ./configure  --enable-vorbis --enable-xvid --enable-shared --enable-gpl --enable-mp3lame --enable-vorbis --enable-libogg --enable-pthreads --enable-shared-pp --enable-pp --cpu=pentium4 --tune=pentium4 --enable-memalign-hack --enable-dts --enable-faad --enable-faadbin --enable-faac --enable-theora 
dom giu  5 14:24:52 CEST 2005
   ./configure  --enable-vorbis --enable-xvid --enable-shared --enable-gpl --enable-mp3lame --enable-vorbis --enable-libogg --enable-pthreads --enable-shared-pp --enable-pp --cpu=pentium4 --tune=pentium4 --enable-memalign-hack --enable-dts --enable-faad --enable-faadbin --enable-faac --enable-theora 
dom giu  5 14:28:30 CEST 2005
   ./configure  --enable-vorbis --enable-xvid --enable-shared --enable-gpl --enable-mp3lame --enable-vorbis --enable-libogg --enable-pthreads --enable-shared-pp --enable-pp --cpu=pentium4 --tune=pentium4 --enable-memalign-hack --enable-dts --enable-faad --enable-faadbin --enable-faac --enable-theora 
dom giu  5 14:28:36 CEST 2005
   ./configure  --enable-vorbis --enable-xvid --enable-shared --enable-gpl --enable-mp3lame --enable-vorbis --enable-libogg --enable-pthreads --enable-shared-pp --enable-pp --cpu=pentium4 --tune=pentium4 --enable-memalign-hack --enable-dts --enable-faad --enable-faadbin --enable-faac --enable-theora --help 
dom giu  5 14:29:07 CEST 2005
   ./configure  --disable-strip --disable-opts --enable-vorbis --enable-xvid --enable-shared --enable-gpl --enable-mp3lame --enable-vorbis --enable-libogg --enable-pthreads --enable-shared-pp --enable-pp --cpu=pentium4 --tune=pentium4 --enable-memalign-hack --enable-dts --enable-faad --enable-faadbin --enable-faac --enable-theora 
