make -C libavcodec all
make[1]: Entering directory `/home/kysucix/dev/cvs/ffmpeg/libavcodec'
gcc -O3 -g -Wall -Wno-switch  -DHAVE_AV_CONFIG_H -I.. -D_FILE_OFFSET_BITS=64 -D_LARGEFILE_SOURCE -D_GNU_SOURCE -c -o h264.o h264.c 
In file included from h264.c:34:
cabac.h: In function `get_cabac':
cabac.h:306: warning: unused variable `lps_mask'
h264.c: At top level:
bitstream.h:827: warning: `decode012' defined but not used
cabac.h:267: warning: `refill2' defined but not used
gcc -O3 -g -Wall -Wno-switch  -DHAVE_AV_CONFIG_H -I.. -D_FILE_OFFSET_BITS=64 -D_LARGEFILE_SOURCE -D_GNU_SOURCE -c -o vp3.o vp3.c 
bitstream.h:827: warning: `decode012' defined but not used
gcc -O3 -g -Wall -Wno-switch  -DHAVE_AV_CONFIG_H -I.. -D_FILE_OFFSET_BITS=64 -D_LARGEFILE_SOURCE -D_GNU_SOURCE -c -o tscc.o tscc.c 
gcc -O3 -g -Wall -Wno-switch  -DHAVE_AV_CONFIG_H -I.. -D_FILE_OFFSET_BITS=64 -D_LARGEFILE_SOURCE -D_GNU_SOURCE -c -o qdrw.o qdrw.c 
bitstream.h:827: warning: `decode012' defined but not used
gcc -O3 -g -Wall -Wno-switch  -DHAVE_AV_CONFIG_H -I.. -D_FILE_OFFSET_BITS=64 -D_LARGEFILE_SOURCE -D_GNU_SOURCE -c -o vc9.o vc9.c 
vc9.c: In function `advanced_decode_picture_header':
vc9.c:1299: warning: unused variable `i'
vc9.c: In function `vc9_decode_frame':
vc9.c:1860: warning: unused variable `start_code'
vc9.c: In function `init_common':
vc9.c:305: warning: `i' might be used uninitialized in this function
vc9.c: At top level:
vc9.c:723: warning: `advanced_entry_point_process' defined but not used
gcc -O3 -g -Wall -Wno-switch  -DHAVE_AV_CONFIG_H -I.. -D_FILE_OFFSET_BITS=64 -D_LARGEFILE_SOURCE -D_GNU_SOURCE -c -o msmpeg4.o msmpeg4.c 
wmv2.c:104: warning: `wmv2_encode_end' defined but not used
rm -f libavcodec.a
ar rc libavcodec.a bitstream.o utils.o mem.o allcodecs.o mpegvideo.o jrevdct.o jfdctfst.o jfdctint.o mpegaudio.o ac3enc.o mjpeg.o resample.o resample2.o dsputil.o motion_est.o imgconvert.o imgresample.o mpeg12.o mpegaudiodec.o pcm.o simple_idct.o ratecontrol.o adpcm.o eval.o dv.o error_resilience.o fft.o mdct.o mace.o huffyuv.o cyuv.o opts.o raw.o h264.o golomb.o vp3.o asv1.o 4xm.o cabac.o ffv1.o ra144.o ra288.o vcr1.o cljr.o roqvideo.o dpcm.o interplayvideo.o xan.o rpza.o cinepak.o msrle.o msvideo1.o vqavideo.o idcinvideo.o adx.o rational.o faandct.o 8bps.o smc.o parser.o flicvideo.o truemotion1.o vmdav.o lcl.o qtrle.o g726.o flac.o vp3dsp.o integer.o snow.o tscc.o sonic.o ulti.o h264idct.o qdrw.o xl.o rangecoder.o png.o pnm.o qpeg.o vc9.o  h263.o h261.o msmpeg4.o h263dec.o svq1.o rv10.o wmadec.o indeo3.o faad.o faac.o xvidff.o mp3lameaudio.o oggvorbis.o i386/fdct_mmx.o i386/cputest.o i386/dsputil_mmx.o i386/mpegvideo_mmx.o i386/idct_mmx.o i386/motion_est_mmx.o i386/simple_idct_mmx.o i386/fft_sse.o i386/vp3dsp_mmx.o i386/vp3dsp_sse2.o  
ranlib libavcodec.a
gcc -shared -o libavcodec.so bitstream.o utils.o mem.o allcodecs.o mpegvideo.o jrevdct.o jfdctfst.o jfdctint.o mpegaudio.o ac3enc.o mjpeg.o resample.o resample2.o dsputil.o motion_est.o imgconvert.o imgresample.o mpeg12.o mpegaudiodec.o pcm.o simple_idct.o ratecontrol.o adpcm.o eval.o dv.o error_resilience.o fft.o mdct.o mace.o huffyuv.o cyuv.o opts.o raw.o h264.o golomb.o vp3.o asv1.o 4xm.o cabac.o ffv1.o ra144.o ra288.o vcr1.o cljr.o roqvideo.o dpcm.o interplayvideo.o xan.o rpza.o cinepak.o msrle.o msvideo1.o vqavideo.o idcinvideo.o adx.o rational.o faandct.o 8bps.o smc.o parser.o flicvideo.o truemotion1.o vmdav.o lcl.o qtrle.o g726.o flac.o vp3dsp.o integer.o snow.o tscc.o sonic.o ulti.o h264idct.o qdrw.o xl.o rangecoder.o png.o pnm.o qpeg.o vc9.o  h263.o h261.o msmpeg4.o h263dec.o svq1.o rv10.o wmadec.o indeo3.o faad.o faac.o xvidff.o mp3lameaudio.o oggvorbis.o i386/fdct_mmx.o i386/cputest.o i386/dsputil_mmx.o i386/mpegvideo_mmx.o i386/idct_mmx.o i386/motion_est_mmx.o i386/simple_idct_mmx.o i386/fft_sse.o i386/vp3dsp_mmx.o i386/vp3dsp_sse2.o  -lm -lz -ldl -lfaad -lfaac -lxvidcore -lmp3lame -lvorbis -lvorbisenc  -Wl,--warn-common -rdynamic
make[1]: Leaving directory `/home/kysucix/dev/cvs/ffmpeg/libavcodec'
make -C libavformat all
make[1]: Entering directory `/home/kysucix/dev/cvs/ffmpeg/libavformat'
gcc -O3 -g -Wall -Wno-switch  -I.. -I'/home/kysucix/dev/cvs/ffmpeg' -I'/home/kysucix/dev/cvs/ffmpeg'/libavcodec -DHAVE_AV_CONFIG_H -D_FILE_OFFSET_BITS=64 -D_LARGEFILE_SOURCE -D_GNU_SOURCE -c -o utils.o utils.c 
utils.c: In function `av_seek_frame_byte':
utils.c:1278: warning: unused variable `avif'
gcc -O3 -g -Wall -Wno-switch  -I.. -I'/home/kysucix/dev/cvs/ffmpeg' -I'/home/kysucix/dev/cvs/ffmpeg'/libavcodec -DHAVE_AV_CONFIG_H -D_FILE_OFFSET_BITS=64 -D_LARGEFILE_SOURCE -D_GNU_SOURCE -c -o avienc.o avienc.c 
gcc -O3 -g -Wall -Wno-switch  -I.. -I'/home/kysucix/dev/cvs/ffmpeg' -I'/home/kysucix/dev/cvs/ffmpeg'/libavcodec -DHAVE_AV_CONFIG_H -D_FILE_OFFSET_BITS=64 -D_LARGEFILE_SOURCE -D_GNU_SOURCE -c -o mov.o mov.c 
mov.c: In function `mov_read_ctab':
mov.c:409: warning: unused variable `len'
mov.c:410: warning: unused variable `t'
gcc -O3 -g -Wall -Wno-switch  -I.. -I'/home/kysucix/dev/cvs/ffmpeg' -I'/home/kysucix/dev/cvs/ffmpeg'/libavcodec -DHAVE_AV_CONFIG_H -D_FILE_OFFSET_BITS=64 -D_LARGEFILE_SOURCE -D_GNU_SOURCE -c -o movenc.o movenc.c 
movenc.c: In function `mov_write_esds_tag':
movenc.c:413: warning: assignment discards qualifiers from pointer target type
movenc.c:419: warning: assignment discards qualifiers from pointer target type
movenc.c: In function `mov_write_uuidprof_tag':
movenc.c:1230: warning: unused variable `mov'
movenc.c: At top level:
movenc.c:795: warning: `mov_write_iods_tag' defined but not used
rm -f libavformat.a
ar rc libavformat.a utils.o cutils.o os_support.o allformats.o mpeg.o mpegts.o mpegtsenc.o ffm.o crc.o img.o img2.o raw.o rm.o avienc.o avidec.o wav.o swf.o au.o gif.o mov.o mpjpeg.o dv.o yuv4mpeg.o 4xm.o flvenc.o flvdec.o movenc.o psxstr.o idroq.o ipmovie.o nut.o wc3movie.o mp3.o westwood.o segafilm.o idcin.o flic.o sierravmd.o matroska.o sol.o electronicarts.o nsvdec.o asf.o asf-enc.o  pnm.o yuv.o png.o jpeg.o gifdec.o sgi.o avio.o aviobuf.o file.o  framehook.o  grab.o dv1394.o audio.o  udp.o tcp.o http.o rtsp.o rtp.o rtpproto.o ogg.o 
ranlib libavformat.a
gcc -shared -o libavformat.so utils.o cutils.o os_support.o allformats.o mpeg.o mpegts.o mpegtsenc.o ffm.o crc.o img.o img2.o raw.o rm.o avienc.o avidec.o wav.o swf.o au.o gif.o mov.o mpjpeg.o dv.o yuv4mpeg.o 4xm.o flvenc.o flvdec.o movenc.o psxstr.o idroq.o ipmovie.o nut.o wc3movie.o mp3.o westwood.o segafilm.o idcin.o flic.o sierravmd.o matroska.o sol.o electronicarts.o nsvdec.o asf.o asf-enc.o  pnm.o yuv.o png.o jpeg.o gifdec.o sgi.o avio.o aviobuf.o file.o  framehook.o  grab.o dv1394.o audio.o  udp.o tcp.o http.o rtsp.o rtp.o rtpproto.o ogg.o  -lm -lz -ldl -lavcodec -L../libavcodec -lmp3lame
make[1]: Leaving directory `/home/kysucix/dev/cvs/ffmpeg/libavformat'
gcc -Wl,--warn-common -rdynamic -g  -o ffmpeg_g ffmpeg.o cmdutils.o -L./libavformat -lavformat -L./libavcodec -lavcodec -lm -lz -ldl -lvorbis -lvorbisenc -logg -lfaad -lfaac -lxvidcore
cp -p ffmpeg_g ffmpeg
echo ignoring strip ffmpeg
ignoring strip ffmpeg
gcc -Wl,--warn-common -rdynamic -g  -Wl,-E -o ffserver ffserver.o -L./libavformat -lavformat -L./libavcodec -lavcodec -lm -lz -ldl -lvorbis -lvorbisenc -logg -lfaad -lfaac -lxvidcore 
gcc -Wl,--warn-common -rdynamic -g  -o ffplay_g ffplay.o cmdutils.o -L./libavformat -lavformat -L./libavcodec -lavcodec -lm -lz -ldl -lvorbis -lvorbisenc -logg -lfaad -lfaac -lxvidcore -L/usr/lib -Wl,-rpath,/usr/lib -lSDL -lpthread
cp -p ffplay_g ffplay
echo ignoring strip ffplay
ignoring strip ffplay
gcc -Wl,--warn-common -rdynamic -g  -o output_example output_example.o -L./libavformat -lavformat -L./libavcodec -lavcodec -lm -lz -ldl -lvorbis -lvorbisenc -logg -lfaad -lfaac -lxvidcore
make -C vhook all
make[1]: Entering directory `/home/kysucix/dev/cvs/ffmpeg/vhook'
make[1]: Nothing to be done for `all'.
make[1]: Leaving directory `/home/kysucix/dev/cvs/ffmpeg/vhook'
