This file contains any messages produced by compilers while
running configure, to aid debugging if configure makes a mistake.

It was created by libtheora configure 1.0alpha4, which was
generated by GNU Autoconf 2.59.  Invocation command line was

  $ ./configure 

## --------- ##
## Platform. ##
## --------- ##

hostname = elaine
uname -m = i686
uname -r = 2.6.10-ck5
uname -s = Linux
uname -v = #1 SMP Fri Jan 28 19:14:57 CET 2005

/usr/bin/uname -p = Intel(R) Pentium(R) 4 CPU 2.80GHz
/bin/uname -X     = unknown

/bin/arch              = i686
/usr/bin/arch -k       = unknown
/usr/convex/getsysinfo = unknown
hostinfo               = unknown
/bin/machine           = unknown
/usr/bin/oslevel       = unknown
/bin/universe          = unknown

PATH: /usr/local/bin
PATH: /usr/bin
PATH: /bin
PATH: /opt/bin
PATH: /usr/i686-pc-linux-gnu/gcc-bin/3.3.5
PATH: /opt/sun-jdk-1.4.2.08/bin
PATH: /opt/sun-jdk-1.4.2.08/jre/bin
PATH: /opt/sun-jdk-1.4.2.08/jre/javaws
PATH: /usr/qt/3/bin
PATH: /usr/kde/3.3/bin
PATH: /usr/qt/3-embedded/bin
PATH: /usr/kde/3.2/bin
PATH: /usr/games/bin
PATH: /opt/insight/bin
PATH: /usr/share/karamba/bin
PATH: /home/kysucix/bin
PATH: /home/kysucix/usr/bin
PATH: /home/kysucix/bin
PATH: /home/kysucix/usr/bin
PATH: /home/kysucix/bin
PATH: /home/kysucix/usr/bin


## ----------- ##
## Core tests. ##
## ----------- ##

configure:1557: checking build system type
configure:1575: result: i686-pc-linux-gnu
configure:1583: checking host system type
configure:1597: result: i686-pc-linux-gnu
configure:1605: checking target system type
configure:1619: result: i686-pc-linux-gnu
configure:1655: checking for a BSD-compatible install
configure:1710: result: /usr/bin/install -c
configure:1721: checking whether build environment is sane
configure:1764: result: yes
configure:1797: checking for gawk
configure:1813: found /usr/bin/gawk
configure:1823: result: gawk
configure:1833: checking whether make sets $(MAKE)
configure:1853: result: yes
configure:1998: checking whether to enable maintainer-specific portions of Makefiles
configure:2007: result: no
configure:2079: checking for gcc
configure:2095: found /usr/bin/gcc
configure:2105: result: gcc
configure:2349: checking for C compiler version
configure:2352: gcc --version </dev/null >&5
gcc (GCC) 3.3.5  (Gentoo Linux 3.3.5-r1, ssp-3.3.2-3, pie-8.7.7.1)
Copyright (C) 2003 Free Software Foundation, Inc.
This is free software; see the source for copying conditions.  There is NO
warranty; not even for MERCHANTABILITY or FITNESS FOR A PARTICULAR PURPOSE.

configure:2355: $? = 0
configure:2357: gcc -v </dev/null >&5
Reading specs from /usr/lib/gcc-lib/i686-pc-linux-gnu/3.3.5/specs
Configured with: /var/tmp/portage/gcc-3.3.5-r1/work/gcc-3.3.5/configure --enable-version-specific-runtime-libs --prefix=/usr --bindir=/usr/i686-pc-linux-gnu/gcc-bin/3.3.5 --includedir=/usr/lib/gcc-lib/i686-pc-linux-gnu/3.3.5/include --datadir=/usr/share/gcc-data/i686-pc-linux-gnu/3.3.5 --mandir=/usr/share/gcc-data/i686-pc-linux-gnu/3.3.5/man --infodir=/usr/share/gcc-data/i686-pc-linux-gnu/3.3.5/info --with-gxx-include-dir=/usr/lib/gcc-lib/i686-pc-linux-gnu/3.3.5/include/g++-v3 --host=i686-pc-linux-gnu --disable-altivec --enable-nls --without-included-gettext --enable-__cxa_atexit --enable-clocale=gnu --with-system-zlib --disable-checking --disable-werror --disable-libunwind-exceptions --enable-shared --enable-threads=posix --disable-libgcj --enable-languages=c,c++,f77
Thread model: posix
gcc version 3.3.5  (Gentoo Linux 3.3.5-r1, ssp-3.3.2-3, pie-8.7.7.1)
configure:2360: $? = 0
configure:2362: gcc -V </dev/null >&5
gcc: `-V' option must have argument
configure:2365: $? = 1
configure:2388: checking for C compiler default output file name
configure:2391: gcc    conftest.c  >&5
configure:2394: $? = 0
configure:2440: result: a.out
configure:2445: checking whether the C compiler works
configure:2451: ./a.out
configure:2454: $? = 0
configure:2471: result: yes
configure:2478: checking whether we are cross compiling
configure:2480: result: no
configure:2483: checking for suffix of executables
configure:2485: gcc -o conftest    conftest.c  >&5
configure:2488: $? = 0
configure:2513: result: 
configure:2519: checking for suffix of object files
configure:2540: gcc -c   conftest.c >&5
configure:2543: $? = 0
configure:2565: result: o
configure:2569: checking whether we are using the GNU C compiler
configure:2593: gcc -c   conftest.c >&5
configure:2599: $? = 0
configure:2603: test -z 
			 || test ! -s conftest.err
configure:2606: $? = 0
configure:2609: test -s conftest.o
configure:2612: $? = 0
configure:2625: result: yes
configure:2631: checking whether gcc accepts -g
configure:2652: gcc -c -g  conftest.c >&5
configure:2658: $? = 0
configure:2662: test -z 
			 || test ! -s conftest.err
configure:2665: $? = 0
configure:2668: test -s conftest.o
configure:2671: $? = 0
configure:2682: result: yes
configure:2699: checking for gcc option to accept ANSI C
configure:2769: gcc  -c -g -O2  conftest.c >&5
configure:2775: $? = 0
configure:2779: test -z 
			 || test ! -s conftest.err
configure:2782: $? = 0
configure:2785: test -s conftest.o
configure:2788: $? = 0
configure:2806: result: none needed
configure:2824: gcc -c -g -O2  conftest.c >&5
conftest.c:2: error: parse error before "me"
configure:2830: $? = 1
configure: failed program was:
| #ifndef __cplusplus
|   choke me
| #endif
configure:2982: checking for style of include used by make
configure:3010: result: GNU
configure:3038: checking dependency style of gcc
configure:3100: result: gcc3
configure:3110: checking how to run the C preprocessor
configure:3145: gcc -E  conftest.c
configure:3151: $? = 0
configure:3183: gcc -E  conftest.c
conftest.c:11:28: ac_nonexistent.h: No such file or directory
configure:3189: $? = 1
configure: failed program was:
| /* confdefs.h.  */
| 
| #define PACKAGE_NAME "libtheora"
| #define PACKAGE_TARNAME "libtheora"
| #define PACKAGE_VERSION "1.0alpha4"
| #define PACKAGE_STRING "libtheora 1.0alpha4"
| #define PACKAGE_BUGREPORT ""
| #define PACKAGE "libtheora"
| #define VERSION "1.0alpha4"
| /* end confdefs.h.  */
| #include <ac_nonexistent.h>
configure:3228: result: gcc -E
configure:3252: gcc -E  conftest.c
configure:3258: $? = 0
configure:3290: gcc -E  conftest.c
conftest.c:11:28: ac_nonexistent.h: No such file or directory
configure:3296: $? = 1
configure: failed program was:
| /* confdefs.h.  */
| 
| #define PACKAGE_NAME "libtheora"
| #define PACKAGE_TARNAME "libtheora"
| #define PACKAGE_VERSION "1.0alpha4"
| #define PACKAGE_STRING "libtheora 1.0alpha4"
| #define PACKAGE_BUGREPORT ""
| #define PACKAGE "libtheora"
| #define VERSION "1.0alpha4"
| /* end confdefs.h.  */
| #include <ac_nonexistent.h>
configure:3414: checking for a sed that does not truncate output
configure:3468: result: /usr/bin/sed
configure:3471: checking for egrep
configure:3481: result: grep -E
configure:3497: checking for ld used by gcc
configure:3564: result: /usr/i686-pc-linux-gnu/bin/ld
configure:3573: checking if the linker (/usr/i686-pc-linux-gnu/bin/ld) is GNU ld
configure:3588: result: yes
configure:3593: checking for /usr/i686-pc-linux-gnu/bin/ld option to reload object files
configure:3600: result: -r
configure:3618: checking for BSD-compatible nm
configure:3660: result: /usr/bin/nm -B
configure:3664: checking whether ln -s works
configure:3668: result: yes
configure:3675: checking how to recognise dependent libraries
configure:3847: result: pass_all
configure:3979: gcc -c  -O2 -fforce-addr -fomit-frame-pointer -finline-functions -funroll-loops  conftest.c >&5
configure:3982: $? = 0
configure:4075: checking for ANSI C header files
configure:4100: gcc -c  -O2 -fforce-addr -fomit-frame-pointer -finline-functions -funroll-loops  conftest.c >&5
configure:4106: $? = 0
configure:4110: test -z 
			 || test ! -s conftest.err
configure:4113: $? = 0
configure:4116: test -s conftest.o
configure:4119: $? = 0
configure:4208: gcc -o conftest  -O2 -fforce-addr -fomit-frame-pointer -finline-functions -funroll-loops   conftest.c  >&5
configure:4211: $? = 0
configure:4213: ./conftest
configure:4216: $? = 0
configure:4231: result: yes
configure:4255: checking for sys/types.h
configure:4271: gcc -c  -O2 -fforce-addr -fomit-frame-pointer -finline-functions -funroll-loops  conftest.c >&5
configure:4277: $? = 0
configure:4281: test -z 
			 || test ! -s conftest.err
configure:4284: $? = 0
configure:4287: test -s conftest.o
configure:4290: $? = 0
configure:4301: result: yes
configure:4255: checking for sys/stat.h
configure:4271: gcc -c  -O2 -fforce-addr -fomit-frame-pointer -finline-functions -funroll-loops  conftest.c >&5
configure:4277: $? = 0
configure:4281: test -z 
			 || test ! -s conftest.err
configure:4284: $? = 0
configure:4287: test -s conftest.o
configure:4290: $? = 0
configure:4301: result: yes
configure:4255: checking for stdlib.h
configure:4271: gcc -c  -O2 -fforce-addr -fomit-frame-pointer -finline-functions -funroll-loops  conftest.c >&5
configure:4277: $? = 0
configure:4281: test -z 
			 || test ! -s conftest.err
configure:4284: $? = 0
configure:4287: test -s conftest.o
configure:4290: $? = 0
configure:4301: result: yes
configure:4255: checking for string.h
configure:4271: gcc -c  -O2 -fforce-addr -fomit-frame-pointer -finline-functions -funroll-loops  conftest.c >&5
configure:4277: $? = 0
configure:4281: test -z 
			 || test ! -s conftest.err
configure:4284: $? = 0
configure:4287: test -s conftest.o
configure:4290: $? = 0
configure:4301: result: yes
configure:4255: checking for memory.h
configure:4271: gcc -c  -O2 -fforce-addr -fomit-frame-pointer -finline-functions -funroll-loops  conftest.c >&5
configure:4277: $? = 0
configure:4281: test -z 
			 || test ! -s conftest.err
configure:4284: $? = 0
configure:4287: test -s conftest.o
configure:4290: $? = 0
configure:4301: result: yes
configure:4255: checking for strings.h
configure:4271: gcc -c  -O2 -fforce-addr -fomit-frame-pointer -finline-functions -funroll-loops  conftest.c >&5
configure:4277: $? = 0
configure:4281: test -z 
			 || test ! -s conftest.err
configure:4284: $? = 0
configure:4287: test -s conftest.o
configure:4290: $? = 0
configure:4301: result: yes
configure:4255: checking for inttypes.h
configure:4271: gcc -c  -O2 -fforce-addr -fomit-frame-pointer -finline-functions -funroll-loops  conftest.c >&5
configure:4277: $? = 0
configure:4281: test -z 
			 || test ! -s conftest.err
configure:4284: $? = 0
configure:4287: test -s conftest.o
configure:4290: $? = 0
configure:4301: result: yes
configure:4255: checking for stdint.h
configure:4271: gcc -c  -O2 -fforce-addr -fomit-frame-pointer -finline-functions -funroll-loops  conftest.c >&5
configure:4277: $? = 0
configure:4281: test -z 
			 || test ! -s conftest.err
configure:4284: $? = 0
configure:4287: test -s conftest.o
configure:4290: $? = 0
configure:4301: result: yes
configure:4255: checking for unistd.h
configure:4271: gcc -c  -O2 -fforce-addr -fomit-frame-pointer -finline-functions -funroll-loops  conftest.c >&5
configure:4277: $? = 0
configure:4281: test -z 
			 || test ! -s conftest.err
configure:4284: $? = 0
configure:4287: test -s conftest.o
configure:4290: $? = 0
configure:4301: result: yes
configure:4327: checking dlfcn.h usability
configure:4339: gcc -c  -O2 -fforce-addr -fomit-frame-pointer -finline-functions -funroll-loops  conftest.c >&5
configure:4345: $? = 0
configure:4349: test -z 
			 || test ! -s conftest.err
configure:4352: $? = 0
configure:4355: test -s conftest.o
configure:4358: $? = 0
configure:4368: result: yes
configure:4372: checking dlfcn.h presence
configure:4382: gcc -E  conftest.c
configure:4388: $? = 0
configure:4408: result: yes
configure:4443: checking for dlfcn.h
configure:4450: result: yes
configure:4515: checking for g++
configure:4531: found /usr/bin/g++
configure:4541: result: g++
configure:4557: checking for C++ compiler version
configure:4560: g++ --version </dev/null >&5
g++ (GCC) 3.3.5  (Gentoo Linux 3.3.5-r1, ssp-3.3.2-3, pie-8.7.7.1)
Copyright (C) 2003 Free Software Foundation, Inc.
This is free software; see the source for copying conditions.  There is NO
warranty; not even for MERCHANTABILITY or FITNESS FOR A PARTICULAR PURPOSE.

configure:4563: $? = 0
configure:4565: g++ -v </dev/null >&5
Reading specs from /usr/lib/gcc-lib/i686-pc-linux-gnu/3.3.5/specs
Configured with: /var/tmp/portage/gcc-3.3.5-r1/work/gcc-3.3.5/configure --enable-version-specific-runtime-libs --prefix=/usr --bindir=/usr/i686-pc-linux-gnu/gcc-bin/3.3.5 --includedir=/usr/lib/gcc-lib/i686-pc-linux-gnu/3.3.5/include --datadir=/usr/share/gcc-data/i686-pc-linux-gnu/3.3.5 --mandir=/usr/share/gcc-data/i686-pc-linux-gnu/3.3.5/man --infodir=/usr/share/gcc-data/i686-pc-linux-gnu/3.3.5/info --with-gxx-include-dir=/usr/lib/gcc-lib/i686-pc-linux-gnu/3.3.5/include/g++-v3 --host=i686-pc-linux-gnu --disable-altivec --enable-nls --without-included-gettext --enable-__cxa_atexit --enable-clocale=gnu --with-system-zlib --disable-checking --disable-werror --disable-libunwind-exceptions --enable-shared --enable-threads=posix --disable-libgcj --enable-languages=c,c++,f77
Thread model: posix
gcc version 3.3.5  (Gentoo Linux 3.3.5-r1, ssp-3.3.2-3, pie-8.7.7.1)
configure:4568: $? = 0
configure:4570: g++ -V </dev/null >&5
g++: `-V' option must have argument
configure:4573: $? = 1
configure:4576: checking whether we are using the GNU C++ compiler
configure:4600: g++ -c   conftest.cc >&5
configure:4606: $? = 0
configure:4610: test -z 
			 || test ! -s conftest.err
configure:4613: $? = 0
configure:4616: test -s conftest.o
configure:4619: $? = 0
configure:4632: result: yes
configure:4638: checking whether g++ accepts -g
configure:4659: g++ -c -g  conftest.cc >&5
configure:4665: $? = 0
configure:4669: test -z 
			 || test ! -s conftest.err
configure:4672: $? = 0
configure:4675: test -s conftest.o
configure:4678: $? = 0
configure:4689: result: yes
configure:4731: g++ -c -g -O2  conftest.cc >&5
configure:4737: $? = 0
configure:4741: test -z 
			 || test ! -s conftest.err
configure:4744: $? = 0
configure:4747: test -s conftest.o
configure:4750: $? = 0
configure:4776: g++ -c -g -O2  conftest.cc >&5
conftest.cc: In function `int main()':
conftest.cc:26: error: `exit' undeclared (first use this function)
conftest.cc:26: error: (Each undeclared identifier is reported only once for 
   each function it appears in.)
configure:4782: $? = 1
configure: failed program was:
| /* confdefs.h.  */
| 
| #define PACKAGE_NAME "libtheora"
| #define PACKAGE_TARNAME "libtheora"
| #define PACKAGE_VERSION "1.0alpha4"
| #define PACKAGE_STRING "libtheora 1.0alpha4"
| #define PACKAGE_BUGREPORT ""
| #define PACKAGE "libtheora"
| #define VERSION "1.0alpha4"
| #define STDC_HEADERS 1
| #define HAVE_SYS_TYPES_H 1
| #define HAVE_SYS_STAT_H 1
| #define HAVE_STDLIB_H 1
| #define HAVE_STRING_H 1
| #define HAVE_MEMORY_H 1
| #define HAVE_STRINGS_H 1
| #define HAVE_INTTYPES_H 1
| #define HAVE_STDINT_H 1
| #define HAVE_UNISTD_H 1
| #define HAVE_DLFCN_H 1
| /* end confdefs.h.  */
| 
| int
| main ()
| {
| exit (42);
|   ;
|   return 0;
| }
configure:4731: g++ -c -g -O2  conftest.cc >&5
configure:4737: $? = 0
configure:4741: test -z 
			 || test ! -s conftest.err
configure:4744: $? = 0
configure:4747: test -s conftest.o
configure:4750: $? = 0
configure:4776: g++ -c -g -O2  conftest.cc >&5
configure:4782: $? = 0
configure:4786: test -z 
			 || test ! -s conftest.err
configure:4789: $? = 0
configure:4792: test -s conftest.o
configure:4795: $? = 0
configure:4820: checking dependency style of g++
configure:4882: result: gcc3
configure:4897: checking how to run the C++ preprocessor
configure:4928: g++ -E  conftest.cc
configure:4934: $? = 0
configure:4966: g++ -E  conftest.cc
conftest.cc:25:28: ac_nonexistent.h: No such file or directory
configure:4972: $? = 1
configure: failed program was:
| /* confdefs.h.  */
| 
| #define PACKAGE_NAME "libtheora"
| #define PACKAGE_TARNAME "libtheora"
| #define PACKAGE_VERSION "1.0alpha4"
| #define PACKAGE_STRING "libtheora 1.0alpha4"
| #define PACKAGE_BUGREPORT ""
| #define PACKAGE "libtheora"
| #define VERSION "1.0alpha4"
| #define STDC_HEADERS 1
| #define HAVE_SYS_TYPES_H 1
| #define HAVE_SYS_STAT_H 1
| #define HAVE_STDLIB_H 1
| #define HAVE_STRING_H 1
| #define HAVE_MEMORY_H 1
| #define HAVE_STRINGS_H 1
| #define HAVE_INTTYPES_H 1
| #define HAVE_STDINT_H 1
| #define HAVE_UNISTD_H 1
| #define HAVE_DLFCN_H 1
| #ifdef __cplusplus
| extern "C" void std::exit (int) throw (); using std::exit;
| #endif
| /* end confdefs.h.  */
| #include <ac_nonexistent.h>
configure:5011: result: g++ -E
configure:5035: g++ -E  conftest.cc
configure:5041: $? = 0
configure:5073: g++ -E  conftest.cc
conftest.cc:25:28: ac_nonexistent.h: No such file or directory
configure:5079: $? = 1
configure: failed program was:
| /* confdefs.h.  */
| 
| #define PACKAGE_NAME "libtheora"
| #define PACKAGE_TARNAME "libtheora"
| #define PACKAGE_VERSION "1.0alpha4"
| #define PACKAGE_STRING "libtheora 1.0alpha4"
| #define PACKAGE_BUGREPORT ""
| #define PACKAGE "libtheora"
| #define VERSION "1.0alpha4"
| #define STDC_HEADERS 1
| #define HAVE_SYS_TYPES_H 1
| #define HAVE_SYS_STAT_H 1
| #define HAVE_STDLIB_H 1
| #define HAVE_STRING_H 1
| #define HAVE_MEMORY_H 1
| #define HAVE_STRINGS_H 1
| #define HAVE_INTTYPES_H 1
| #define HAVE_STDINT_H 1
| #define HAVE_UNISTD_H 1
| #define HAVE_DLFCN_H 1
| #ifdef __cplusplus
| extern "C" void std::exit (int) throw (); using std::exit;
| #endif
| /* end confdefs.h.  */
| #include <ac_nonexistent.h>
configure:5176: checking for g77
configure:5192: found /usr/bin/g77
configure:5202: result: g77
configure:5217: checking for Fortran 77 compiler version
configure:5220: g77 --version </dev/null >&5
GNU Fortran (GCC) 3.3.5  (Gentoo Linux 3.3.5-r1, ssp-3.3.2-3, pie-8.7.7.1)
Copyright (C) 2002 Free Software Foundation, Inc.

GNU Fortran comes with NO WARRANTY, to the extent permitted by law.
You may redistribute copies of GNU Fortran
under the terms of the GNU General Public License.
For more information about these matters, see the file named COPYING
or type the command `info -f g77 Copying'.
configure:5223: $? = 0
configure:5225: g77 -v </dev/null >&5
Reading specs from /usr/lib/gcc-lib/i686-pc-linux-gnu/3.3.5/specs
Configured with: /var/tmp/portage/gcc-3.3.5-r1/work/gcc-3.3.5/configure --enable-version-specific-runtime-libs --prefix=/usr --bindir=/usr/i686-pc-linux-gnu/gcc-bin/3.3.5 --includedir=/usr/lib/gcc-lib/i686-pc-linux-gnu/3.3.5/include --datadir=/usr/share/gcc-data/i686-pc-linux-gnu/3.3.5 --mandir=/usr/share/gcc-data/i686-pc-linux-gnu/3.3.5/man --infodir=/usr/share/gcc-data/i686-pc-linux-gnu/3.3.5/info --with-gxx-include-dir=/usr/lib/gcc-lib/i686-pc-linux-gnu/3.3.5/include/g++-v3 --host=i686-pc-linux-gnu --disable-altivec --enable-nls --without-included-gettext --enable-__cxa_atexit --enable-clocale=gnu --with-system-zlib --disable-checking --disable-werror --disable-libunwind-exceptions --enable-shared --enable-threads=posix --disable-libgcj --enable-languages=c,c++,f77
Thread model: posix
gcc version 3.3.5  (Gentoo Linux 3.3.5-r1, ssp-3.3.2-3, pie-8.7.7.1)
configure:5228: $? = 0
configure:5230: g77 -V </dev/null >&5
g77: `-V' option must have argument
configure:5233: $? = 1
configure:5241: checking whether we are using the GNU Fortran 77 compiler
configure:5255: g77 -c  conftest.F >&5
configure:5261: $? = 0
configure:5265: test -z 
			 || test ! -s conftest.err
configure:5268: $? = 0
configure:5271: test -s conftest.o
configure:5274: $? = 0
configure:5287: result: yes
configure:5293: checking whether g77 accepts -g
configure:5305: g77 -c -g conftest.f >&5
configure:5311: $? = 0
configure:5315: test -z 
			 || test ! -s conftest.err
configure:5318: $? = 0
configure:5321: test -s conftest.o
configure:5324: $? = 0
configure:5336: result: yes
configure:5366: checking the maximum length of command line arguments
configure:5458: result: 32768
configure:5469: checking command to parse /usr/bin/nm -B output from gcc object
configure:5565: gcc -c  -O2 -fforce-addr -fomit-frame-pointer -finline-functions -funroll-loops  conftest.c >&5
configure:5568: $? = 0
configure:5572: /usr/bin/nm -B conftest.o \| sed -n -e 's/^.*[ 	]\([ABCDGIRSTW][ABCDGIRSTW]*\)[ 	][ 	]*\([_A-Za-z][_A-Za-z0-9]*\)$/\1 \2 \2/p' \> conftest.nm
configure:5575: $? = 0
configure:5627: gcc -o conftest  -O2 -fforce-addr -fomit-frame-pointer -finline-functions -funroll-loops   conftest.c conftstm.o >&5
configure:5630: $? = 0
configure:5668: result: ok
configure:5672: checking for objdir
configure:5687: result: .libs
configure:5777: checking for ar
configure:5793: found /usr/bin/ar
configure:5804: result: ar
configure:5857: checking for ranlib
configure:5873: found /usr/bin/ranlib
configure:5884: result: ranlib
configure:5937: checking for strip
configure:5953: found /usr/bin/strip
configure:5964: result: strip
configure:6186: checking for correct ltmain.sh version
configure:6216: result: yes
configure:6292: checking if gcc static flag  works
configure:6320: result: yes
configure:6338: checking if gcc supports -fno-rtti -fno-exceptions
configure:6356: gcc -c  -O2 -fforce-addr -fomit-frame-pointer -finline-functions -funroll-loops  -fno-rtti -fno-exceptions conftest.c >&5
cc1: warning: "-fno-rtti" is valid for C++ but not for C/ObjC
configure:6360: $? = 0
configure:6373: result: no
configure:6388: checking for gcc option to produce PIC
configure:6592: result: -fPIC
configure:6600: checking if gcc PIC flag -fPIC works
configure:6618: gcc -c  -O2 -fforce-addr -fomit-frame-pointer -finline-functions -funroll-loops  -fPIC -DPIC conftest.c >&5
configure:6622: $? = 0
configure:6635: result: yes
configure:6659: checking if gcc supports -c -o file.o
configure:6680: gcc -c  -O2 -fforce-addr -fomit-frame-pointer -finline-functions -funroll-loops  -o out/conftest2.o conftest.c >&5
configure:6684: $? = 0
configure:6706: result: yes
configure:6732: checking whether the gcc linker (/usr/i686-pc-linux-gnu/bin/ld) supports shared libraries
configure:7627: result: yes
configure:7653: checking whether -lc should be explicitly linked in
configure:7658: gcc -c  -O2 -fforce-addr -fomit-frame-pointer -finline-functions -funroll-loops  conftest.c >&5
configure:7661: $? = 0
configure:7675: gcc -shared conftest.o  -v -Wl,-soname -Wl,conftest -o conftest 2\>\&1 \| grep  -lc  \>/dev/null 2\>\&1
configure:7678: $? = 0
configure:7690: result: no
configure:7698: checking dynamic linker characteristics
configure:8295: result: GNU/Linux ld.so
configure:8299: checking how to hardcode library paths into programs
configure:8324: result: immediate
configure:8338: checking whether stripping libraries is possible
configure:8343: result: yes
configure:9173: checking if libtool supports shared libraries
configure:9175: result: yes
configure:9178: checking whether to build shared libraries
configure:9199: result: yes
configure:9202: checking whether to build static libraries
configure:9206: result: yes
configure:9298: creating libtool
configure:9876: checking for ld used by g++
configure:9943: result: /usr/i686-pc-linux-gnu/bin/ld
configure:9952: checking if the linker (/usr/i686-pc-linux-gnu/bin/ld) is GNU ld
configure:9967: result: yes
configure:10018: checking whether the g++ linker (/usr/i686-pc-linux-gnu/bin/ld) supports shared libraries
configure:10905: result: yes
configure:10923: g++ -c -g -O2  conftest.cc >&5
configure:10926: $? = 0
configure:11022: checking for g++ option to produce PIC
configure:11290: result: -fPIC
configure:11298: checking if g++ PIC flag -fPIC works
configure:11316: g++ -c -g -O2  -fPIC -DPIC conftest.cc >&5
configure:11320: $? = 0
configure:11333: result: yes
configure:11357: checking if g++ supports -c -o file.o
configure:11378: g++ -c -g -O2  -o out/conftest2.o conftest.cc >&5
configure:11382: $? = 0
configure:11404: result: yes
configure:11430: checking whether the g++ linker (/usr/i686-pc-linux-gnu/bin/ld) supports shared libraries
configure:11455: result: yes
configure:11526: checking dynamic linker characteristics
configure:12123: result: GNU/Linux ld.so
configure:12127: checking how to hardcode library paths into programs
configure:12152: result: immediate
configure:12166: checking whether stripping libraries is possible
configure:12171: result: yes
configure:13507: checking if libtool supports shared libraries
configure:13509: result: yes
configure:13512: checking whether to build shared libraries
configure:13532: result: yes
configure:13535: checking whether to build static libraries
configure:13539: result: yes
configure:13551: checking for g77 option to produce PIC
configure:13755: result: -fPIC
configure:13763: checking if g77 PIC flag -fPIC works
configure:13781: g77 -c -g -O2 -fPIC conftest.f >&5
configure:13785: $? = 0
configure:13798: result: yes
configure:13822: checking if g77 supports -c -o file.o
configure:13843: g77 -c -g -O2 -o out/conftest2.o conftest.f >&5
configure:13847: $? = 0
configure:13869: result: yes
configure:13895: checking whether the g77 linker (/usr/i686-pc-linux-gnu/bin/ld) supports shared libraries
configure:14770: result: yes
configure:14841: checking dynamic linker characteristics
configure:15438: result: GNU/Linux ld.so
configure:15442: checking how to hardcode library paths into programs
configure:15467: result: immediate
configure:15481: checking whether stripping libraries is possible
configure:15486: result: yes
configure:19780: checking for doxygen
configure:19796: found /usr/bin/doxygen
configure:19807: result: true
configure:19831: checking for python
configure:19847: found /usr/bin/python
configure:19858: result: true
configure:19974: checking for getopt_long
configure:20031: gcc -o conftest -O2 -Wall  -O2 -fforce-addr -fomit-frame-pointer -finline-functions -funroll-loops    conftest.c  >&5
configure:20037: $? = 0
configure:20041: test -z 
			 || test ! -s conftest.err
configure:20044: $? = 0
configure:20047: test -s conftest
configure:20050: $? = 0
configure:20062: result: yes
configure:20078: checking for pkg-config
configure:20094: found /usr/bin/pkg-config
configure:20104: result: yes
configure:20119: checking for pkg-config
configure:20137: found /usr/bin/pkg-config
configure:20150: result: /usr/bin/pkg-config
configure:20167: checking for ogg >= 1.1
configure:20171: result: yes
configure:20175: checking OGG_CFLAGS
configure:20178: result:  
configure:20181: checking OGG_LIBS
configure:20184: result: -logg  
configure:20582: checking for vorbis >= 1.0.1
configure:20586: result: yes
configure:20590: checking VORBIS_CFLAGS
configure:20593: result:  
configure:20596: checking VORBIS_LIBS
configure:20599: result: -lvorbis -lm -logg  
configure:20885: checking for sdl-config
configure:20903: found /usr/bin/sdl-config
configure:20916: result: /usr/bin/sdl-config
configure:20924: checking for SDL - version >= 0.11.0
configure:21014: gcc -o conftest -O2 -Wall  -O2 -fforce-addr -fomit-frame-pointer -finline-functions -funroll-loops -I/usr/include/SDL -D_REENTRANT    conftest.c  -L/usr/lib -Wl,-rpath,/usr/lib -lSDL -lpthread >&5
configure:21017: $? = 0
configure:21019: ./conftest
configure:21022: $? = 0
configure:21040: result: yes
configure:21156: checking sys/soundcard.h usability
configure:21168: gcc -c -O2 -Wall  -O2 -fforce-addr -fomit-frame-pointer -finline-functions -funroll-loops  conftest.c >&5
configure:21174: $? = 0
configure:21178: test -z 
			 || test ! -s conftest.err
configure:21181: $? = 0
configure:21184: test -s conftest.o
configure:21187: $? = 0
configure:21197: result: yes
configure:21201: checking sys/soundcard.h presence
configure:21211: gcc -E  conftest.c
configure:21217: $? = 0
configure:21237: result: yes
configure:21272: checking for sys/soundcard.h
configure:21279: result: yes
configure:21447: creating ./config.status

## ---------------------- ##
## Running config.status. ##
## ---------------------- ##

This file was extended by libtheora config.status 1.0alpha4, which was
generated by GNU Autoconf 2.59.  Invocation command line was

  CONFIG_FILES    = 
  CONFIG_HEADERS  = 
  CONFIG_LINKS    = 
  CONFIG_COMMANDS = 
  $ ./config.status 

on elaine

config.status:750: creating Makefile
config.status:750: creating lib/Makefile
config.status:750: creating include/Makefile
config.status:750: creating include/theora/Makefile
config.status:750: creating examples/Makefile
config.status:750: creating doc/Makefile
config.status:750: creating doc/Doxyfile
config.status:750: creating debian/Makefile
config.status:750: creating libtheora.spec
config.status:750: creating theora.pc
config.status:750: creating theora-uninstalled.pc
config.status:854: creating config.h
config.status:1132: executing depfiles commands

## ---------------- ##
## Cache variables. ##
## ---------------- ##

ac_cv_build=i686-pc-linux-gnu
ac_cv_build_alias=i686-pc-linux-gnu
ac_cv_c_compiler_gnu=yes
ac_cv_cxx_compiler_gnu=yes
ac_cv_env_CC_set=
ac_cv_env_CC_value=
ac_cv_env_CFLAGS_set=
ac_cv_env_CFLAGS_value=
ac_cv_env_CPPFLAGS_set=
ac_cv_env_CPPFLAGS_value=
ac_cv_env_CPP_set=
ac_cv_env_CPP_value=
ac_cv_env_CXXCPP_set=
ac_cv_env_CXXCPP_value=
ac_cv_env_CXXFLAGS_set=
ac_cv_env_CXXFLAGS_value=
ac_cv_env_CXX_set=
ac_cv_env_CXX_value=
ac_cv_env_F77_set=
ac_cv_env_F77_value=
ac_cv_env_FFLAGS_set=
ac_cv_env_FFLAGS_value=
ac_cv_env_LDFLAGS_set=
ac_cv_env_LDFLAGS_value=
ac_cv_env_build_alias_set=
ac_cv_env_build_alias_value=
ac_cv_env_host_alias_set=
ac_cv_env_host_alias_value=
ac_cv_env_target_alias_set=
ac_cv_env_target_alias_value=
ac_cv_exeext=
ac_cv_f77_compiler_gnu=yes
ac_cv_func_getopt_long=yes
ac_cv_header_dlfcn_h=yes
ac_cv_header_inttypes_h=yes
ac_cv_header_memory_h=yes
ac_cv_header_stdc=yes
ac_cv_header_stdint_h=yes
ac_cv_header_stdlib_h=yes
ac_cv_header_string_h=yes
ac_cv_header_strings_h=yes
ac_cv_header_sys_soundcard_h=yes
ac_cv_header_sys_stat_h=yes
ac_cv_header_sys_types_h=yes
ac_cv_header_unistd_h=yes
ac_cv_host=i686-pc-linux-gnu
ac_cv_host_alias=i686-pc-linux-gnu
ac_cv_objext=o
ac_cv_path_PKG_CONFIG=/usr/bin/pkg-config
ac_cv_path_SDL_CONFIG=/usr/bin/sdl-config
ac_cv_path_install='/usr/bin/install -c'
ac_cv_prog_AWK=gawk
ac_cv_prog_CPP='gcc -E'
ac_cv_prog_CXXCPP='g++ -E'
ac_cv_prog_HAVE_DOXYGEN=true
ac_cv_prog_HAVE_PKG_CONFIG=yes
ac_cv_prog_HAVE_PYTHON=true
ac_cv_prog_ac_ct_AR=ar
ac_cv_prog_ac_ct_CC=gcc
ac_cv_prog_ac_ct_CXX=g++
ac_cv_prog_ac_ct_F77=g77
ac_cv_prog_ac_ct_RANLIB=ranlib
ac_cv_prog_ac_ct_STRIP=strip
ac_cv_prog_cc_g=yes
ac_cv_prog_cc_stdc=
ac_cv_prog_cxx_g=yes
ac_cv_prog_egrep='grep -E'
ac_cv_prog_f77_g=yes
ac_cv_prog_make_make_set=yes
ac_cv_target=i686-pc-linux-gnu
ac_cv_target_alias=i686-pc-linux-gnu
am_cv_CC_dependencies_compiler_type=gcc3
am_cv_CXX_dependencies_compiler_type=gcc3
lt_cv_cc_64bit_output=no
lt_cv_deplibs_check_method=pass_all
lt_cv_file_magic_cmd='$MAGIC_CMD'
lt_cv_file_magic_test_file=
lt_cv_ld_reload_flag=-r
lt_cv_objdir=.libs
lt_cv_path_LD=/usr/i686-pc-linux-gnu/bin/ld
lt_cv_path_LDCXX=/usr/i686-pc-linux-gnu/bin/ld
lt_cv_path_NM='/usr/bin/nm -B'
lt_cv_path_SED=/usr/bin/sed
lt_cv_prog_compiler_c_o=yes
lt_cv_prog_compiler_c_o_CXX=yes
lt_cv_prog_compiler_c_o_F77=yes
lt_cv_prog_compiler_rtti_exceptions=no
lt_cv_prog_gnu_ld=yes
lt_cv_prog_gnu_ldcxx=yes
lt_cv_sys_global_symbol_pipe='sed -n -e '\''s/^.*[ 	]\([ABCDGIRSTW][ABCDGIRSTW]*\)[ 	][ 	]*\([_A-Za-z][_A-Za-z0-9]*\)$/\1 \2 \2/p'\'''
lt_cv_sys_global_symbol_to_c_name_address='sed -n -e '\''s/^: \([^ ]*\) $/  {\"\1\", (lt_ptr) 0},/p'\'' -e '\''s/^[BCDEGRST] \([^ ]*\) \([^ ]*\)$/  {"\2", (lt_ptr) \&\2},/p'\'''
lt_cv_sys_global_symbol_to_cdecl='sed -n -e '\''s/^. .* \(.*\)$/extern int \1;/p'\'''
lt_cv_sys_max_cmd_len=32768
lt_lt_cv_prog_compiler_c_o='"yes"'
lt_lt_cv_prog_compiler_c_o_CXX='"yes"'
lt_lt_cv_prog_compiler_c_o_F77='"yes"'
lt_lt_cv_sys_global_symbol_pipe='"sed -n -e '\''s/^.*[ 	]\\([ABCDGIRSTW][ABCDGIRSTW]*\\)[ 	][ 	]*\\([_A-Za-z][_A-Za-z0-9]*\\)\$/\\1 \\2 \\2/p'\''"'
lt_lt_cv_sys_global_symbol_to_c_name_address='"sed -n -e '\''s/^: \\([^ ]*\\) \$/  {\\\"\\1\\\", (lt_ptr) 0},/p'\'' -e '\''s/^[BCDEGRST] \\([^ ]*\\) \\([^ ]*\\)\$/  {\"\\2\", (lt_ptr) \\&\\2},/p'\''"'
lt_lt_cv_sys_global_symbol_to_cdecl='"sed -n -e '\''s/^. .* \\(.*\\)\$/extern int \\1;/p'\''"'

## ----------------- ##
## Output variables. ##
## ----------------- ##

ACLOCAL='${SHELL} /home/kysucix/tmp/svn/freej/freej/missing --run aclocal-1.6'
AMDEPBACKSLASH='\'
AMDEP_FALSE='#'
AMDEP_TRUE=''
AMTAR='${SHELL} /home/kysucix/tmp/svn/freej/freej/missing --run tar'
AR='ar'
AUTOCONF='${SHELL} /home/kysucix/tmp/svn/freej/freej/missing --run autoconf'
AUTOHEADER='${SHELL} /home/kysucix/tmp/svn/freej/freej/missing --run autoheader'
AUTOMAKE='${SHELL} /home/kysucix/tmp/svn/freej/freej/missing --run automake-1.6'
AWK='gawk'
BUILDABLE_EXAMPLES=' encoder_example player_example'
CC='gcc'
CCDEPMODE='depmode=gcc3'
CFLAGS='-O2 -Wall  -O2 -fforce-addr -fomit-frame-pointer -finline-functions -funroll-loops'
CPP='gcc -E'
CPPFLAGS=''
CXX='g++'
CXXCPP='g++ -E'
CXXDEPMODE='depmode=gcc3'
CXXFLAGS='-g -O2'
DEBUG='-g -W -D__NO_MATH_INLINES'
DEFS='-DHAVE_CONFIG_H'
DEPDIR='.deps'
ECHO='echo'
ECHO_C=''
ECHO_N='-n'
ECHO_T=''
EGREP='grep -E'
EXEEXT=''
F77='g77'
FFLAGS='-g -O2'
GETOPT_OBJS=''
HAVE_DOXYGEN='true'
HAVE_DOXYGEN_FALSE='#'
HAVE_DOXYGEN_TRUE=''
HAVE_PKG_CONFIG='yes'
HAVE_PYTHON='true'
HAVE_PYTHON_FALSE='#'
HAVE_PYTHON_TRUE=''
INSTALL_DATA='${INSTALL} -m 644'
INSTALL_PROGRAM='${INSTALL}'
INSTALL_SCRIPT='${INSTALL}'
INSTALL_STRIP_PROGRAM='${SHELL} $(install_sh) -c -s'
LDFLAGS=' '
LIBOBJS=''
LIBS=''
LIBTOOL='$(SHELL) $(top_builddir)/libtool'
LN_S='ln -s'
LTLIBOBJS=''
MAINT='#'
MAINTAINER_MODE_FALSE=''
MAINTAINER_MODE_TRUE='#'
MAKEINFO='${SHELL} /home/kysucix/tmp/svn/freej/freej/missing --run makeinfo'
OBJEXT='o'
OGG_CFLAGS=' '
OGG_LIBS='-logg  '
PACKAGE='libtheora'
PACKAGE_BUGREPORT=''
PACKAGE_NAME='libtheora'
PACKAGE_STRING='libtheora 1.0alpha4'
PACKAGE_TARNAME='libtheora'
PACKAGE_VERSION='1.0alpha4'
PATH_SEPARATOR=':'
PKG_CONFIG='/usr/bin/pkg-config'
PROFILE='-W -pg -g -O2 -fno-inline-functions'
RANLIB='ranlib'
SDL_CFLAGS='-I/usr/include/SDL -D_REENTRANT'
SDL_CONFIG='/usr/bin/sdl-config'
SDL_LIBS='-L/usr/lib -Wl,-rpath,/usr/lib -lSDL -lpthread'
SET_MAKE=''
SHELL='/bin/sh'
STRIP='strip'
THEORA_SUPPORT_ENCODE_FALSE='#'
THEORA_SUPPORT_ENCODE_TRUE=''
THEORA_SUPPORT_FLOAT_FALSE='#'
THEORA_SUPPORT_FLOAT_TRUE=''
VERSION='1.0alpha4'
VORBISENC_LIBS='-lvorbisenc'
VORBISFILE_LIBS=''
VORBIS_CFLAGS=' '
VORBIS_LIBS='-lvorbis -lm -logg  '
V_LIB_AGE='1'
V_LIB_CURRENT='1'
V_LIB_REVISION='0'
ac_ct_AR='ar'
ac_ct_CC='gcc'
ac_ct_CXX='g++'
ac_ct_F77='g77'
ac_ct_RANLIB='ranlib'
ac_ct_STRIP='strip'
am__include='include'
am__quote=''
bindir='${exec_prefix}/bin'
build='i686-pc-linux-gnu'
build_alias=''
build_cpu='i686'
build_os='linux-gnu'
build_vendor='pc'
datadir='${prefix}/share'
exec_prefix='${prefix}'
host='i686-pc-linux-gnu'
host_alias=''
host_cpu='i686'
host_os='linux-gnu'
host_vendor='pc'
includedir='${prefix}/include'
infodir='${prefix}/info'
install_sh='/home/kysucix/tmp/svn/freej/freej/install-sh'
libdir='${exec_prefix}/lib'
libexecdir='${exec_prefix}/libexec'
localstatedir='${prefix}/var'
mandir='${prefix}/man'
oldincludedir='/usr/include'
prefix='/usr/local'
program_transform_name='s,x,x,'
sbindir='${exec_prefix}/sbin'
sharedstatedir='${prefix}/com'
sysconfdir='${prefix}/etc'
target='i686-pc-linux-gnu'
target_alias=''
target_cpu='i686'
target_os='linux-gnu'
target_vendor='pc'

## ----------- ##
## confdefs.h. ##
## ----------- ##

#define HAVE_DLFCN_H 1
#define HAVE_INTTYPES_H 1
#define HAVE_MEMORY_H 1
#define HAVE_STDINT_H 1
#define HAVE_STDLIB_H 1
#define HAVE_STRINGS_H 1
#define HAVE_STRING_H 1
#define HAVE_SYS_SOUNDCARD_H 1
#define HAVE_SYS_STAT_H 1
#define HAVE_SYS_TYPES_H 1
#define HAVE_UNISTD_H 1
#define PACKAGE "libtheora"
#define PACKAGE_BUGREPORT ""
#define PACKAGE_NAME "libtheora"
#define PACKAGE_STRING "libtheora 1.0alpha4"
#define PACKAGE_TARNAME "libtheora"
#define PACKAGE_VERSION "1.0alpha4"
#define STDC_HEADERS 1
#define THEORA_SUPPORT_ENCODE 1
#define THEORA_SUPPORT_FLOAT 1
#define VERSION "1.0alpha4"
#endif
#ifdef __cplusplus
extern "C" void std::exit (int) throw (); using std::exit;

configure: exit 0
